2023-06-17T14:15:13.440Z [INFO   ] : App is Runing 🚀. http://localhost:8080 in production mode. Versio - 1.0.0
2023-06-17T14:17:48.234Z [INFO   ] : App is Runing 🚀. http://localhost:8080 in production mode. Versio - 1.0.0
2023-06-17T14:18:28.952Z [ERROR  ] : Status Code - 502 Message - nodemailer_failure
2023-06-17T14:19:17.349Z [INFO   ] : App is Runing 🚀. http://localhost:8080 in production mode. Versio - 1.0.0
2023-06-17T14:19:22.526Z [ERROR  ] : Status Code - 502 Message - nodemailer_failure
2023-06-17T14:19:38.883Z [INFO   ] : App is Runing 🚀. http://localhost:8080 in development mode. Versio - 1.0.0
2023-06-17T14:19:40.387Z [ERROR  ] : Status Code - 502 Message - nodemailer_failure
2023-06-17T14:20:29.863Z [INFO   ] : App is Runing 🚀. http://localhost:8080 in development mode. Versio - 1.0.0
2023-06-17T14:20:31.110Z [INFO   ] : App is Runing 🚀. http://localhost:8080 in development mode. Versio - 1.0.0
2023-06-17T14:20:52.433Z [INFO   ] : App is Runing 🚀. http://localhost:8080 in development mode. Versio - 1.0.0
2023-06-17T14:21:02.846Z [INFO   ] : App is Runing 🚀. http://localhost:8080 in development mode. Versio - 1.0.0
2023-06-17T14:21:32.928Z [INFO   ] : App is Runing 🚀. http://localhost:8080 in production mode. Versio - 1.0.0
2023-06-17T18:55:41.681Z [INFO   ] : App is Runing 🚀. http://localhost:8080 in production mode. Versio - 1.0.0
2023-06-17T18:56:55.154Z [WARN   ] : Status Code - 400 Message - data_validation_failure
2023-06-17T18:58:04.503Z [INFO   ] : App is Runing 🚀. http://localhost:8080 in production mode. Versio - 1.0.0
2023-06-17T19:01:15.914Z [WARN   ] : Status Code - 400 Message - data_validation_failure
2023-06-17T19:08:41.458Z [WARN   ] : Status Code - 400 Message - data_validation_failure
2023-06-17T19:09:09.970Z [WARN   ] : Status Code - 400 Message - data_validation_failure
2023-06-17T19:09:24.029Z [WARN   ] : Status Code - 400 Message - data_validation_failure
2023-06-17T19:09:26.786Z [WARN   ] : Status Code - 400 Message - data_validation_failure
2023-06-17T19:10:38.253Z [WARN   ] : Status Code - 400 Message - data_validation_failure
2023-06-17T19:12:05.302Z [WARN   ] : Status Code - 400 Message - data_validation_failure
2023-06-17T19:52:53.128Z [WARN   ] : Status Code - 401 Message - authentication_failure
2023-06-17T19:57:25.055Z [WARN   ] : Status Code - 401 Message - authentication_failure
2023-06-17T21:24:47.796Z [WARN   ] : Status Code - 401 Message - authentication_failure
2023-06-18T09:40:50.736Z [INFO   ] : App is Runing 🚀. http://localhost:8080 in production mode. Versio - 1.0.0
2023-06-18T09:41:32.226Z [WARN   ] : Status Code - 401 Message - authentication_failure
2023-06-18T13:08:10.616Z [WARN   ] : Status Code - 400 Message - data_validation_failure
2023-06-18T13:08:10.619Z [WARN   ] : Status Code - 400 Message - data_validation_failure
2023-06-18T13:09:49.454Z [WARN   ] : Status Code - 400 Message - data_validation_failure
2023-06-18T13:09:49.455Z [WARN   ] : Status Code - 400 Message - data_validation_failure
2023-06-18T13:09:51.294Z [WARN   ] : Status Code - 400 Message - data_validation_failure
2023-06-18T13:09:51.295Z [WARN   ] : Status Code - 400 Message - data_validation_failure
2023-06-18T13:12:46.246Z [WARN   ] : Status Code - 400 Message - data_validation_failure
2023-06-18T13:12:46.247Z [WARN   ] : Status Code - 400 Message - data_validation_failure
2023-06-18T13:13:23.545Z [WARN   ] : Status Code - 400 Message - data_validation_failure
2023-06-18T13:13:23.546Z [WARN   ] : Status Code - 400 Message - data_validation_failure
2023-06-18T13:13:33.971Z [WARN   ] : Status Code - 400 Message - data_validation_failure
2023-06-18T13:13:33.972Z [WARN   ] : Status Code - 400 Message - data_validation_failure
2023-06-18T13:14:05.235Z [WARN   ] : Status Code - 400 Message - data_validation_failure
2023-06-18T13:14:05.236Z [WARN   ] : Status Code - 400 Message - data_validation_failure
2023-06-18T13:14:12.379Z [WARN   ] : Status Code - 400 Message - data_validation_failure
2023-06-18T13:14:12.380Z [WARN   ] : Status Code - 400 Message - data_validation_failure
2023-06-18T13:14:55.225Z [WARN   ] : Status Code - 400 Message - data_validation_failure
2023-06-18T13:14:55.226Z [WARN   ] : Status Code - 400 Message - data_validation_failure
2023-06-18T13:14:59.092Z [WARN   ] : Status Code - 400 Message - data_validation_failure
2023-06-18T13:14:59.096Z [WARN   ] : Status Code - 400 Message - data_validation_failure
2023-06-18T13:15:05.013Z [WARN   ] : Status Code - 400 Message - data_validation_failure
2023-06-18T13:15:05.015Z [WARN   ] : Status Code - 400 Message - data_validation_failure
2023-06-18T13:15:13.327Z [WARN   ] : Status Code - 400 Message - data_validation_failure
2023-06-18T13:15:13.328Z [WARN   ] : Status Code - 400 Message - data_validation_failure
2023-06-18T13:17:16.069Z [WARN   ] : Status Code - 400 Message - data_validation_failure
2023-06-18T13:17:16.070Z [WARN   ] : Status Code - 400 Message - data_validation_failure
2023-06-18T13:19:59.184Z [WARN   ] : Status Code - 400 Message - data_validation_failure
2023-06-18T13:19:59.186Z [WARN   ] : Status Code - 400 Message - data_validation_failure
2023-06-18T13:20:12.607Z [WARN   ] : Status Code - 400 Message - data_validation_failure
2023-06-18T13:20:12.608Z [WARN   ] : Status Code - 400 Message - data_validation_failure
2023-06-18T13:20:58.494Z [WARN   ] : Status Code - 400 Message - data_validation_failure
2023-06-18T13:20:58.495Z [WARN   ] : Status Code - 400 Message - data_validation_failure
2023-06-18T13:21:01.217Z [WARN   ] : Status Code - 400 Message - data_validation_failure
2023-06-18T13:21:01.218Z [WARN   ] : Status Code - 400 Message - data_validation_failure
2023-06-18T13:25:05.917Z [WARN   ] : Status Code - 400 Message - data_validation_failure
2023-06-18T13:25:05.918Z [WARN   ] : Status Code - 400 Message - data_validation_failure
2023-06-18T15:57:22.943Z [WARN   ] : Status Code - 400 Message - data_validation_failure
2023-06-18T15:57:23.182Z [WARN   ] : Status Code - 400 Message - data_validation_failure
2023-06-18T15:57:23.443Z [WARN   ] : Status Code - 400 Message - data_validation_failure
2023-06-18T15:57:23.679Z [WARN   ] : Status Code - 400 Message - data_validation_failure
2023-06-18T15:57:24.142Z [WARN   ] : Status Code - 400 Message - data_validation_failure
2023-06-18T15:57:24.604Z [WARN   ] : Status Code - 400 Message - data_validation_failure
2023-06-18T15:57:25.065Z [WARN   ] : Status Code - 400 Message - data_validation_failure
2023-06-18T15:57:25.308Z [WARN   ] : Status Code - 401 Message - authentication_failure
2023-06-18T15:57:25.772Z [WARN   ] : Status Code - 403 Message - inactive_account
2023-06-18T15:57:25.776Z [WARN   ] : Status Code - 401 Message - authentication_failure
2023-06-18T15:57:26.469Z [WARN   ] : Status Code - 403 Message - unauthorized_user_update
2023-06-18T15:57:26.708Z [WARN   ] : Status Code - 401 Message - authentication_failure
2023-06-18T15:57:26.943Z [WARN   ] : Status Code - 401 Message - authentication_failure
2023-06-18T15:57:27.638Z [WARN   ] : Status Code - 403 Message - unauthorized_user_update
2023-06-18T15:57:28.324Z [WARN   ] : Status Code - 403 Message - unauthorized_user_update
2023-06-18T15:57:28.803Z [WARN   ] : Status Code - 400 Message - data_validation_failure
2023-06-18T15:57:29.265Z [WARN   ] : Status Code - 400 Message - data_validation_failure
2023-06-18T15:57:29.733Z [WARN   ] : Status Code - 400 Message - data_validation_failure
2023-06-18T15:57:30.194Z [WARN   ] : Status Code - 400 Message - data_validation_failure
2023-06-18T15:57:30.659Z [WARN   ] : Status Code - 401 Message - authentication_failure
2023-06-18T15:57:30.685Z [WARN   ] : Status Code - 400 Message - data_validation_failure
2023-06-18T15:57:31.151Z [WARN   ] : Status Code - 401 Message - authentication_failure
2023-06-18T15:57:31.191Z [WARN   ] : Status Code - 400 Message - data_validation_failure
2023-06-18T15:57:31.661Z [WARN   ] : Status Code - 400 Message - data_validation_failure
2023-06-18T15:57:32.133Z [WARN   ] : Status Code - 400 Message - data_validation_failure
2023-06-18T15:57:32.608Z [WARN   ] : Status Code - 400 Message - data_validation_failure
2023-06-18T15:57:34.004Z [WARN   ] : Status Code - 400 Message - data_validation_failure
2023-06-18T15:57:34.464Z [WARN   ] : Status Code - 400 Message - data_validation_failure
2023-06-18T15:57:34.933Z [WARN   ] : Status Code - 400 Message - data_validation_failure
2023-06-18T15:57:35.400Z [WARN   ] : Status Code - 400 Message - data_validation_failure
2023-06-18T15:57:35.866Z [WARN   ] : Status Code - 400 Message - data_validation_failure
2023-06-18T15:57:36.328Z [WARN   ] : Status Code - 400 Message - data_validation_failure
2023-06-18T15:57:36.795Z [WARN   ] : Status Code - 400 Message - data_validation_failure
2023-06-18T15:57:37.260Z [WARN   ] : Status Code - 400 Message - data_validation_failure
2023-06-18T15:57:37.729Z [WARN   ] : Status Code - 400 Message - data_validation_failure
2023-06-18T15:57:38.191Z [WARN   ] : Status Code - 400 Message - data_validation_failure
2023-06-18T15:57:38.657Z [WARN   ] : Status Code - 400 Message - data_validation_failure
2023-06-18T15:57:39.121Z [WARN   ] : Status Code - 400 Message - data_validation_failure
2023-06-18T15:57:48.930Z [WARN   ] : Status Code - 400 Message - data_validation_failure
2023-06-18T15:57:49.408Z [WARN   ] : Status Code - 401 Message - authentication_failure
2023-06-18T15:57:50.330Z [WARN   ] : Status Code - 401 Message - authentication_failure
2023-06-18T15:57:51.246Z [WARN   ] : Status Code - 403 Message - unauthorized_user_delete
2023-06-18T15:57:52.292Z [ERROR  ] : Status Code - 502 Message - nodemailer_failure
2023-06-18T15:57:55.090Z [WARN   ] : Status Code - 400 Message - data_validation_failure
2023-06-18T15:57:55.782Z [WARN   ] : Status Code - 400 Message - data_validation_failure
2023-06-18T15:57:56.248Z [WARN   ] : Status Code - 401 Message - authentication_failure
2023-06-18T15:57:56.710Z [WARN   ] : Status Code - 401 Message - authentication_failure
2023-06-18T15:57:57.642Z [WARN   ] : Status Code - 401 Message - authentication_failure
2023-06-18T15:57:58.555Z [WARN   ] : Status Code - 401 Message - authentication_failure
2023-06-18T15:57:59.477Z [WARN   ] : Status Code - 403 Message - unauthorized_user_delete
2023-06-18T15:58:00.400Z [WARN   ] : Status Code - 403 Message - unauthorized_user_delete
2023-06-18T15:58:01.447Z [ERROR  ] : Status Code - 502 Message - nodemailer_failure
2023-06-18T15:58:02.531Z [ERROR  ] : Status Code - 502 Message - nodemailer_failure
2023-06-18T15:58:17.047Z [WARN   ] : Status Code - 401 Message - authentication_failure
2023-06-18T15:58:17.289Z [WARN   ] : Status Code - 401 Message - authentication_failure
2023-06-18T15:58:17.754Z [WARN   ] : Status Code - 404 Message - user_not_found
2023-06-18T15:58:18.217Z [WARN   ] : Status Code - 404 Message - user_not_found
2023-06-18T15:58:18.457Z [WARN   ] : Status Code - 401 Message - authentication_failure
2023-06-18T15:58:18.695Z [WARN   ] : Status Code - 401 Message - authentication_failure
2023-06-18T15:58:19.158Z [WARN   ] : Status Code - 404 Message - user_not_found
2023-06-18T15:58:19.629Z [WARN   ] : Status Code - 404 Message - user_not_found
2023-06-18T15:58:31.777Z [WARN   ] : Status Code - 401 Message - authentication_failure
2023-06-18T15:58:32.014Z [WARN   ] : Status Code - 401 Message - authentication_failure
2023-06-18T15:58:32.483Z [WARN   ] : Status Code - 404 Message - user_not_found
2023-06-18T15:58:32.944Z [WARN   ] : Status Code - 404 Message - user_not_found
2023-06-18T15:58:33.182Z [WARN   ] : Status Code - 401 Message - authentication_failure
2023-06-18T15:58:33.422Z [WARN   ] : Status Code - 401 Message - authentication_failure
2023-06-18T15:58:33.883Z [WARN   ] : Status Code - 404 Message - user_not_found
2023-06-18T15:58:34.352Z [WARN   ] : Status Code - 404 Message - user_not_found
2023-06-18T15:58:39.719Z [WARN   ] : Status Code - 401 Message - authentication_failure
2023-06-18T15:58:40.413Z [WARN   ] : Status Code - 403 Message - unauthorized_ban
2023-06-18T15:58:40.880Z [WARN   ] : Status Code - 404 Message - user_not_found
2023-06-18T15:58:41.696Z [ERROR  ] : Status Code - 502 Message - nodemailer_failure
2023-06-18T15:58:43.813Z [WARN   ] : Status Code - 401 Message - authentication_failure
2023-06-18T15:58:44.280Z [WARN   ] : Status Code - 401 Message - authentication_failure
2023-06-18T15:58:44.973Z [WARN   ] : Status Code - 403 Message - unauthorized_ban
2023-06-18T15:58:45.660Z [WARN   ] : Status Code - 403 Message - unauthorized_ban
2023-06-18T15:58:46.128Z [WARN   ] : Status Code - 404 Message - user_not_found
2023-06-18T15:58:46.590Z [WARN   ] : Status Code - 404 Message - user_not_found
2023-06-18T15:58:47.407Z [ERROR  ] : Status Code - 502 Message - nodemailer_failure
2023-06-18T15:58:48.216Z [ERROR  ] : Status Code - 502 Message - nodemailer_failure
2023-06-18T15:58:55.618Z [WARN   ] : Status Code - 400 Message - data_validation_failure
2023-06-18T15:58:55.864Z [WARN   ] : Status Code - 401 Message - authentication_failure
2023-06-18T15:58:56.118Z [WARN   ] : Status Code - 401 Message - token_expired
2023-06-18T15:58:56.820Z [WARN   ] : Status Code - 401 Message - authentication_failure
2023-06-18T15:58:57.508Z [WARN   ] : Status Code - 403 Message - unauthorized_user_delete
2023-06-18T15:58:59.132Z [WARN   ] : Status Code - 401 Message - authentication_failure
2023-06-18T15:58:59.371Z [WARN   ] : Status Code - 401 Message - authentication_failure
2023-06-18T15:58:59.615Z [WARN   ] : Status Code - 401 Message - authentication_failure
2023-06-18T15:58:59.852Z [WARN   ] : Status Code - 401 Message - authentication_failure
2023-06-18T15:59:00.541Z [WARN   ] : Status Code - 403 Message - unauthorized_user_delete
2023-06-18T15:59:01.232Z [WARN   ] : Status Code - 403 Message - unauthorized_user_delete
2023-06-18T15:59:14.576Z [WARN   ] : Status Code - 401 Message - authentication_failure
2023-06-18T15:59:14.584Z [WARN   ] : Status Code - 401 Message - authentication_failure
2023-06-18T15:59:14.591Z [WARN   ] : Status Code - 401 Message - authentication_failure
2023-06-18T15:59:14.598Z [WARN   ] : Status Code - 401 Message - authentication_failure
2023-06-18T15:59:21.773Z [WARN   ] : Status Code - 401 Message - authentication_failure
2023-06-18T15:59:22.256Z [WARN   ] : Status Code - 403 Message - unauthorized_post_delete
2023-06-18T15:59:22.974Z [WARN   ] : Status Code - 404 Message - post_not_found
2023-06-18T15:59:24.630Z [WARN   ] : Status Code - 401 Message - authentication_failure
2023-06-18T15:59:24.871Z [WARN   ] : Status Code - 401 Message - authentication_failure
2023-06-18T15:59:25.349Z [WARN   ] : Status Code - 403 Message - unauthorized_post_delete
2023-06-18T15:59:25.820Z [WARN   ] : Status Code - 403 Message - unauthorized_post_delete
2023-06-18T15:59:26.293Z [WARN   ] : Status Code - 404 Message - post_not_found
2023-06-18T15:59:26.760Z [WARN   ] : Status Code - 404 Message - post_not_found
2023-06-18T15:59:33.597Z [WARN   ] : Status Code - 400 Message - file_size_limit
2023-06-18T15:59:33.613Z [WARN   ] : Status Code - 400 Message - file_size_limit
2023-06-18T15:59:33.620Z [WARN   ] : Status Code - 401 Message - authentication_failure
2023-06-18T15:59:33.628Z [WARN   ] : Status Code - 401 Message - authentication_failure
2023-06-18T15:59:34.086Z [WARN   ] : Status Code - 400 Message - unsupported_image_file
2023-06-18T15:59:34.548Z [WARN   ] : Status Code - 400 Message - unsupported_image_file
2023-06-18T15:59:35.007Z [WARN   ] : Status Code - 400 Message - unsupported_image_file
2023-06-18T15:59:35.025Z [WARN   ] : Status Code - 400 Message - file_size_limit
2023-06-18T15:59:35.044Z [WARN   ] : Status Code - 400 Message - file_size_limit
2023-06-18T15:59:35.504Z [WARN   ] : Status Code - 400 Message - unsupported_image_file
2023-06-18T15:59:35.966Z [WARN   ] : Status Code - 400 Message - unsupported_image_file
2023-06-18T15:59:36.431Z [WARN   ] : Status Code - 400 Message - unsupported_image_file
2023-06-18T15:59:36.926Z [WARN   ] : Status Code - 400 Message - unsupported_image_file
2023-06-18T15:59:37.391Z [WARN   ] : Status Code - 400 Message - unsupported_image_file
2023-06-18T15:59:37.852Z [WARN   ] : Status Code - 400 Message - unsupported_image_file
2023-06-18T15:59:43.476Z [WARN   ] : Status Code - 401 Message - authentication_failure
2023-06-18T15:59:43.482Z [WARN   ] : Status Code - 401 Message - authentication_failure
2023-06-18T15:59:44.178Z [WARN   ] : Status Code - 403 Message - unauthorized_post_delete
2023-06-18T15:59:44.874Z [WARN   ] : Status Code - 403 Message - unauthorized_post_delete
2023-06-18T15:59:45.339Z [WARN   ] : Status Code - 404 Message - post_not_found
2023-06-18T15:59:45.809Z [WARN   ] : Status Code - 404 Message - post_not_found
2023-06-18T15:59:46.774Z [WARN   ] : Status Code - 401 Message - authentication_failure
2023-06-18T15:59:46.779Z [WARN   ] : Status Code - 401 Message - authentication_failure
2023-06-18T15:59:47.465Z [WARN   ] : Status Code - 403 Message - unauthorized_post_delete
2023-06-18T15:59:48.163Z [WARN   ] : Status Code - 403 Message - unauthorized_post_delete
2023-06-18T15:59:48.633Z [WARN   ] : Status Code - 404 Message - post_not_found
2023-06-18T15:59:49.101Z [WARN   ] : Status Code - 404 Message - post_not_found
2023-06-18T15:59:57.353Z [WARN   ] : Status Code - 401 Message - authentication_failure
2023-06-18T16:00:00.419Z [WARN   ] : Status Code - 401 Message - authentication_failure
2023-06-18T16:00:00.426Z [WARN   ] : Status Code - 401 Message - authentication_failure
2023-06-18T16:00:04.391Z [WARN   ] : Status Code - 400 Message - data_validation_failure
2023-06-18T16:00:04.636Z [WARN   ] : Status Code - 401 Message - authentication_failure
2023-06-18T16:00:05.115Z [WARN   ] : Status Code - 403 Message - unauthorized_post_update
2023-06-18T16:00:05.578Z [WARN   ] : Status Code - 404 Message - post_not_found
2023-06-18T16:00:06.054Z [WARN   ] : Status Code - 400 Message - data_validation_failure
2023-06-18T16:00:06.296Z [WARN   ] : Status Code - 401 Message - authentication_failure
2023-06-18T16:00:06.768Z [WARN   ] : Status Code - 403 Message - unauthorized_post_update
2023-06-18T16:00:07.237Z [WARN   ] : Status Code - 404 Message - post_not_found
2023-06-18T16:00:08.661Z [WARN   ] : Status Code - 400 Message - data_validation_failure
2023-06-18T16:00:09.132Z [WARN   ] : Status Code - 400 Message - data_validation_failure
2023-06-18T16:00:09.143Z [WARN   ] : Status Code - 401 Message - authentication_failure
2023-06-18T16:00:09.149Z [WARN   ] : Status Code - 401 Message - authentication_failure
2023-06-18T16:00:09.616Z [WARN   ] : Status Code - 403 Message - unauthorized_post_update
2023-06-18T16:00:10.090Z [WARN   ] : Status Code - 403 Message - unauthorized_post_update
2023-06-18T16:00:10.559Z [WARN   ] : Status Code - 404 Message - post_not_found
2023-06-18T16:00:11.025Z [WARN   ] : Status Code - 404 Message - post_not_found
2023-06-18T16:00:15.032Z [WARN   ] : Status Code - 400 Message - data_validation_failure
2023-06-18T16:00:15.281Z [WARN   ] : Status Code - 401 Message - authentication_failure
2023-06-18T16:00:15.529Z [WARN   ] : Status Code - 401 Message - authentication_failure
2023-06-18T16:00:16.242Z [WARN   ] : Status Code - 403 Message - unauthorized_comment_update
2023-06-18T16:00:16.710Z [WARN   ] : Status Code - 404 Message - comment_not_found
2023-06-18T16:00:18.150Z [WARN   ] : Status Code - 400 Message - data_validation_failure
2023-06-18T16:00:18.633Z [WARN   ] : Status Code - 400 Message - data_validation_failure
2023-06-18T16:00:18.879Z [WARN   ] : Status Code - 401 Message - authentication_failure
2023-06-18T16:00:19.133Z [WARN   ] : Status Code - 401 Message - authentication_failure
2023-06-18T16:00:19.379Z [WARN   ] : Status Code - 401 Message - authentication_failure
2023-06-18T16:00:19.638Z [WARN   ] : Status Code - 401 Message - authentication_failure
2023-06-18T16:00:20.385Z [WARN   ] : Status Code - 403 Message - unauthorized_comment_update
2023-06-18T16:00:21.118Z [WARN   ] : Status Code - 403 Message - unauthorized_comment_update
2023-06-18T16:00:21.584Z [WARN   ] : Status Code - 404 Message - comment_not_found
2023-06-18T16:00:22.082Z [WARN   ] : Status Code - 404 Message - comment_not_found
2023-06-18T16:00:30.037Z [WARN   ] : Status Code - 401 Message - authentication_failure
2023-06-18T16:00:30.323Z [WARN   ] : Status Code - 401 Message - authentication_failure
2023-06-18T16:00:30.789Z [WARN   ] : Status Code - 404 Message - post_not_found
2023-06-18T16:00:31.036Z [WARN   ] : Status Code - 401 Message - authentication_failure
2023-06-18T16:00:31.288Z [WARN   ] : Status Code - 401 Message - authentication_failure
2023-06-18T16:00:31.537Z [WARN   ] : Status Code - 401 Message - authentication_failure
2023-06-18T16:00:31.787Z [WARN   ] : Status Code - 401 Message - authentication_failure
2023-06-18T16:00:32.251Z [WARN   ] : Status Code - 404 Message - post_not_found
2023-06-18T16:00:32.717Z [WARN   ] : Status Code - 404 Message - post_not_found
2023-06-18T16:00:36.823Z [WARN   ] : Status Code - 401 Message - authentication_failure
2023-06-18T16:00:37.515Z [WARN   ] : Status Code - 403 Message - unauthorized_unban
2023-06-18T16:00:37.981Z [WARN   ] : Status Code - 404 Message - user_not_found
2023-06-18T16:00:39.849Z [WARN   ] : Status Code - 401 Message - authentication_failure
2023-06-18T16:00:40.314Z [WARN   ] : Status Code - 401 Message - authentication_failure
2023-06-18T16:00:41.006Z [WARN   ] : Status Code - 403 Message - unauthorized_unban
2023-06-18T16:00:41.714Z [WARN   ] : Status Code - 403 Message - unauthorized_unban
2023-06-18T16:00:42.187Z [WARN   ] : Status Code - 404 Message - user_not_found
2023-06-18T16:00:42.651Z [WARN   ] : Status Code - 404 Message - user_not_found
2023-06-18T16:00:47.140Z [WARN   ] : Status Code - 401 Message - unauthorized_post_submit
2023-06-18T16:00:47.381Z [WARN   ] : Status Code - 401 Message - authentication_failure
2023-06-18T16:00:47.391Z [WARN   ] : Status Code - 401 Message - unauthorized_post_submit
2023-06-18T16:00:47.853Z [WARN   ] : Status Code - 400 Message - data_validation_failure
2023-06-18T16:00:49.266Z [WARN   ] : Status Code - 400 Message - data_validation_failure
2023-06-18T16:00:49.729Z [WARN   ] : Status Code - 400 Message - data_validation_failure
2023-06-18T16:00:49.741Z [WARN   ] : Status Code - 401 Message - unauthorized_post_submit
2023-06-18T16:00:49.750Z [WARN   ] : Status Code - 401 Message - unauthorized_post_submit
2023-06-18T16:00:50.212Z [WARN   ] : Status Code - 400 Message - data_validation_failure
2023-06-18T16:00:50.677Z [WARN   ] : Status Code - 400 Message - data_validation_failure
2023-06-18T16:00:51.139Z [WARN   ] : Status Code - 400 Message - data_validation_failure
2023-06-18T16:00:51.602Z [WARN   ] : Status Code - 400 Message - data_validation_failure
2023-06-18T16:00:52.069Z [WARN   ] : Status Code - 400 Message - data_validation_failure
2023-06-18T16:00:52.540Z [WARN   ] : Status Code - 400 Message - data_validation_failure
2023-06-18T16:00:56.359Z [WARN   ] : Status Code - 401 Message - authentication_failure
2023-06-18T16:00:56.602Z [WARN   ] : Status Code - 401 Message - authentication_failure
2023-06-18T16:00:57.299Z [WARN   ] : Status Code - 403 Message - unauthorized_post_update
2023-06-18T16:00:57.765Z [WARN   ] : Status Code - 404 Message - post_not_found
2023-06-18T16:00:59.425Z [WARN   ] : Status Code - 401 Message - authentication_failure
2023-06-18T16:00:59.668Z [WARN   ] : Status Code - 401 Message - authentication_failure
2023-06-18T16:01:00.367Z [WARN   ] : Status Code - 403 Message - unauthorized_post_update
2023-06-18T16:01:01.067Z [WARN   ] : Status Code - 403 Message - unauthorized_post_update
2023-06-18T16:01:01.537Z [WARN   ] : Status Code - 404 Message - post_not_found
2023-06-18T16:01:02.001Z [WARN   ] : Status Code - 404 Message - post_not_found
2023-06-18T16:01:05.711Z [WARN   ] : Status Code - 401 Message - authentication_failure
2023-06-18T16:01:05.959Z [WARN   ] : Status Code - 401 Message - authentication_failure
2023-06-18T16:01:06.667Z [WARN   ] : Status Code - 403 Message - unauthorized_comment_delete
2023-06-18T16:01:07.133Z [WARN   ] : Status Code - 404 Message - comment_not_found
2023-06-18T16:01:08.344Z [WARN   ] : Status Code - 401 Message - authentication_failure
2023-06-18T16:01:08.593Z [WARN   ] : Status Code - 401 Message - authentication_failure
2023-06-18T16:01:08.834Z [WARN   ] : Status Code - 401 Message - authentication_failure
2023-06-18T16:01:09.077Z [WARN   ] : Status Code - 401 Message - authentication_failure
2023-06-18T16:01:09.781Z [WARN   ] : Status Code - 403 Message - unauthorized_comment_delete
2023-06-18T16:01:10.480Z [WARN   ] : Status Code - 403 Message - unauthorized_comment_delete
2023-06-18T16:01:10.939Z [WARN   ] : Status Code - 404 Message - comment_not_found
2023-06-18T16:01:11.404Z [WARN   ] : Status Code - 404 Message - comment_not_found
2023-06-18T16:01:15.404Z [WARN   ] : Status Code - 400 Message - data_validation_failure
2023-06-18T16:01:15.654Z [WARN   ] : Status Code - 401 Message - authentication_failure
2023-06-18T16:01:15.893Z [WARN   ] : Status Code - 401 Message - authentication_failure
2023-06-18T16:01:16.362Z [WARN   ] : Status Code - 404 Message - post_not_found
2023-06-18T16:01:17.792Z [WARN   ] : Status Code - 400 Message - data_validation_failure
2023-06-18T16:01:18.263Z [WARN   ] : Status Code - 400 Message - data_validation_failure
2023-06-18T16:01:18.503Z [WARN   ] : Status Code - 401 Message - authentication_failure
2023-06-18T16:01:18.741Z [WARN   ] : Status Code - 401 Message - authentication_failure
2023-06-18T16:01:18.983Z [WARN   ] : Status Code - 401 Message - authentication_failure
2023-06-18T16:01:19.228Z [WARN   ] : Status Code - 401 Message - authentication_failure
2023-06-18T16:01:19.698Z [WARN   ] : Status Code - 404 Message - post_not_found
2023-06-18T16:01:20.168Z [WARN   ] : Status Code - 404 Message - post_not_found
2023-06-18T16:01:24.071Z [WARN   ] : Status Code - 401 Message - authentication_failure
2023-06-18T16:01:24.315Z [WARN   ] : Status Code - 401 Message - authentication_failure
2023-06-18T16:01:24.789Z [WARN   ] : Status Code - 403 Message - unauthorized_post_update
2023-06-18T16:01:25.265Z [WARN   ] : Status Code - 404 Message - post_not_found
2023-06-18T16:01:26.914Z [WARN   ] : Status Code - 401 Message - authentication_failure
2023-06-18T16:01:27.157Z [WARN   ] : Status Code - 401 Message - authentication_failure
2023-06-18T16:01:27.630Z [WARN   ] : Status Code - 403 Message - unauthorized_post_update
2023-06-18T16:01:28.107Z [WARN   ] : Status Code - 403 Message - unauthorized_post_update
2023-06-18T16:01:28.571Z [WARN   ] : Status Code - 404 Message - post_not_found
2023-06-18T16:01:29.041Z [WARN   ] : Status Code - 404 Message - post_not_found
2023-06-18T16:01:32.513Z [WARN   ] : Status Code - 400 Message - like_already_exist
2023-06-18T16:01:32.757Z [WARN   ] : Status Code - 401 Message - authentication_failure
2023-06-18T16:01:32.998Z [WARN   ] : Status Code - 401 Message - authentication_failure
2023-06-18T16:01:33.462Z [WARN   ] : Status Code - 404 Message - post_not_found
2023-06-18T16:01:34.933Z [WARN   ] : Status Code - 400 Message - like_already_exist
2023-06-18T16:01:35.445Z [WARN   ] : Status Code - 400 Message - like_already_exist
2023-06-18T16:01:35.738Z [WARN   ] : Status Code - 401 Message - authentication_failure
2023-06-18T16:01:36.003Z [WARN   ] : Status Code - 401 Message - authentication_failure
2023-06-18T16:01:36.256Z [WARN   ] : Status Code - 401 Message - authentication_failure
2023-06-18T16:01:36.496Z [WARN   ] : Status Code - 401 Message - authentication_failure
2023-06-18T16:01:36.977Z [WARN   ] : Status Code - 404 Message - post_not_found
2023-06-18T16:01:37.472Z [WARN   ] : Status Code - 404 Message - post_not_found
2023-06-18T16:01:40.857Z [WARN   ] : Status Code - 401 Message - authentication_failure
2023-06-18T16:01:41.141Z [WARN   ] : Status Code - 401 Message - authentication_failure
2023-06-18T16:01:41.675Z [WARN   ] : Status Code - 404 Message - like_not_found
2023-06-18T16:01:42.161Z [WARN   ] : Status Code - 404 Message - post_not_found
2023-06-18T16:01:43.537Z [WARN   ] : Status Code - 401 Message - authentication_failure
2023-06-18T16:01:43.822Z [WARN   ] : Status Code - 401 Message - authentication_failure
2023-06-18T16:01:44.070Z [WARN   ] : Status Code - 401 Message - authentication_failure
2023-06-18T16:01:44.310Z [WARN   ] : Status Code - 401 Message - authentication_failure
2023-06-18T16:01:44.807Z [WARN   ] : Status Code - 404 Message - like_not_found
2023-06-18T16:01:45.331Z [WARN   ] : Status Code - 404 Message - like_not_found
2023-06-18T16:01:45.820Z [WARN   ] : Status Code - 404 Message - post_not_found
2023-06-18T16:01:46.311Z [WARN   ] : Status Code - 404 Message - post_not_found
2023-06-18T16:01:52.562Z [WARN   ] : Status Code - 400 Message - data_validation_failure
2023-06-18T16:01:52.570Z [WARN   ] : Status Code - 400 Message - data_validation_failure
2023-06-18T16:01:52.576Z [WARN   ] : Status Code - 400 Message - data_validation_failure
2023-06-18T16:01:52.582Z [WARN   ] : Status Code - 400 Message - data_validation_failure
2023-06-18T16:01:52.597Z [WARN   ] : Status Code - 400 Message - data_validation_failure
2023-06-18T16:01:52.612Z [WARN   ] : Status Code - 400 Message - data_validation_failure
2023-06-18T16:01:52.992Z [ERROR  ] : Status Code - 502 Message - nodemailer_failure
2023-06-18T16:01:52.998Z [WARN   ] : Status Code - 400 Message - data_validation_failure
2023-06-18T16:01:53.744Z [WARN   ] : Status Code - 400 Message - data_validation_failure
2023-06-18T16:01:53.751Z [WARN   ] : Status Code - 400 Message - data_validation_failure
2023-06-18T16:01:53.759Z [WARN   ] : Status Code - 400 Message - data_validation_failure
2023-06-18T16:01:53.766Z [WARN   ] : Status Code - 400 Message - data_validation_failure
2023-06-18T16:01:53.773Z [WARN   ] : Status Code - 400 Message - data_validation_failure
2023-06-18T16:01:53.782Z [WARN   ] : Status Code - 400 Message - data_validation_failure
2023-06-18T16:01:53.789Z [WARN   ] : Status Code - 400 Message - data_validation_failure
2023-06-18T16:01:53.795Z [WARN   ] : Status Code - 400 Message - data_validation_failure
2023-06-18T16:01:53.800Z [WARN   ] : Status Code - 400 Message - data_validation_failure
2023-06-18T16:01:53.806Z [WARN   ] : Status Code - 400 Message - data_validation_failure
2023-06-18T16:01:53.812Z [WARN   ] : Status Code - 400 Message - data_validation_failure
2023-06-18T16:01:53.817Z [WARN   ] : Status Code - 400 Message - data_validation_failure
2023-06-18T16:01:53.823Z [WARN   ] : Status Code - 400 Message - data_validation_failure
2023-06-18T16:01:53.831Z [WARN   ] : Status Code - 400 Message - data_validation_failure
2023-06-18T16:01:53.837Z [WARN   ] : Status Code - 400 Message - data_validation_failure
2023-06-18T16:01:53.844Z [WARN   ] : Status Code - 400 Message - data_validation_failure
2023-06-18T16:01:53.850Z [WARN   ] : Status Code - 400 Message - data_validation_failure
2023-06-18T16:01:53.858Z [WARN   ] : Status Code - 400 Message - data_validation_failure
2023-06-18T16:01:53.870Z [WARN   ] : Status Code - 400 Message - data_validation_failure
2023-06-18T16:01:53.878Z [WARN   ] : Status Code - 400 Message - data_validation_failure
2023-06-18T16:01:53.887Z [WARN   ] : Status Code - 400 Message - data_validation_failure
2023-06-18T16:01:53.900Z [WARN   ] : Status Code - 400 Message - data_validation_failure
2023-06-18T16:01:53.910Z [WARN   ] : Status Code - 400 Message - data_validation_failure
2023-06-18T16:01:53.917Z [WARN   ] : Status Code - 400 Message - data_validation_failure
2023-06-18T16:01:53.927Z [WARN   ] : Status Code - 400 Message - data_validation_failure
2023-06-18T16:01:53.940Z [WARN   ] : Status Code - 400 Message - data_validation_failure
2023-06-18T16:01:53.946Z [WARN   ] : Status Code - 400 Message - data_validation_failure
2023-06-18T16:01:53.954Z [WARN   ] : Status Code - 400 Message - data_validation_failure
2023-06-18T16:01:53.961Z [WARN   ] : Status Code - 400 Message - data_validation_failure
2023-06-18T16:01:53.967Z [WARN   ] : Status Code - 400 Message - data_validation_failure
2023-06-18T16:01:53.974Z [WARN   ] : Status Code - 400 Message - data_validation_failure
2023-06-18T16:01:53.980Z [WARN   ] : Status Code - 400 Message - data_validation_failure
2023-06-18T16:01:53.992Z [WARN   ] : Status Code - 400 Message - data_validation_failure
2023-06-18T16:01:54.008Z [WARN   ] : Status Code - 400 Message - data_validation_failure
2023-06-18T16:01:54.022Z [WARN   ] : Status Code - 400 Message - data_validation_failure
2023-06-18T16:01:54.038Z [WARN   ] : Status Code - 400 Message - data_validation_failure
2023-06-18T16:01:54.402Z [ERROR  ] : Status Code - 502 Message - nodemailer_failure
2023-06-18T16:01:54.767Z [ERROR  ] : Status Code - 502 Message - nodemailer_failure
2023-06-18T16:01:58.653Z [WARN   ] : Status Code - 401 Message - authentication_failure
2023-06-18T16:01:58.904Z [WARN   ] : Status Code - 401 Message - authentication_failure
2023-06-18T16:01:59.396Z [WARN   ] : Status Code - 403 Message - unauthorized_comment_reset
2023-06-18T16:01:59.891Z [WARN   ] : Status Code - 404 Message - comment_not_found
2023-06-18T16:02:00.910Z [WARN   ] : Status Code - 401 Message - authentication_failure
2023-06-18T16:02:00.930Z [WARN   ] : Status Code - 401 Message - authentication_failure
2023-06-18T16:02:01.413Z [WARN   ] : Status Code - 403 Message - unauthorized_comment_reset
2023-06-18T16:02:01.895Z [WARN   ] : Status Code - 403 Message - unauthorized_comment_reset
2023-06-18T16:02:02.393Z [WARN   ] : Status Code - 404 Message - comment_not_found
2023-06-18T16:02:02.886Z [WARN   ] : Status Code - 404 Message - comment_not_found
2023-06-18T16:02:06.035Z [WARN   ] : Status Code - 400 Message - data_validation_failure
2023-06-18T16:02:06.171Z [WARN   ] : Status Code - 400 Message - data_validation_failure
2023-06-18T16:02:06.363Z [WARN   ] : Status Code - 401 Message - authentication_failure
2023-06-18T16:02:06.436Z [WARN   ] : Status Code - 401 Message - authentication_failure
2023-06-18T16:02:06.570Z [WARN   ] : Status Code - 403 Message - inactive_account
2023-06-18T16:02:06.576Z [WARN   ] : Status Code - 401 Message - authentication_failure
2023-06-18T16:02:06.772Z [WARN   ] : Status Code - 403 Message - unauthorized_user_update
2023-06-18T16:02:07.691Z [WARN   ] : Status Code - 401 Message - authentication_failure
2023-06-18T16:02:07.761Z [WARN   ] : Status Code - 401 Message - authentication_failure
2023-06-18T16:02:07.950Z [WARN   ] : Status Code - 401 Message - authentication_failure
2023-06-18T16:02:08.140Z [WARN   ] : Status Code - 401 Message - authentication_failure
2023-06-18T16:02:08.332Z [WARN   ] : Status Code - 403 Message - unauthorized_user_update
2023-06-18T16:02:08.528Z [WARN   ] : Status Code - 403 Message - unauthorized_user_update
2023-06-18T16:02:08.661Z [WARN   ] : Status Code - 400 Message - data_validation_failure
2023-06-18T16:02:08.792Z [WARN   ] : Status Code - 400 Message - data_validation_failure
2023-06-18T16:02:08.925Z [WARN   ] : Status Code - 400 Message - data_validation_failure
2023-06-18T16:02:09.057Z [WARN   ] : Status Code - 400 Message - data_validation_failure
2023-06-18T16:02:09.189Z [WARN   ] : Status Code - 400 Message - data_validation_failure
2023-06-18T16:02:09.321Z [WARN   ] : Status Code - 400 Message - data_validation_failure
2023-06-18T16:02:09.453Z [WARN   ] : Status Code - 400 Message - data_validation_failure
2023-06-18T16:02:09.585Z [WARN   ] : Status Code - 400 Message - data_validation_failure
2023-06-18T16:02:09.721Z [WARN   ] : Status Code - 400 Message - data_validation_failure
2023-06-18T16:02:09.852Z [WARN   ] : Status Code - 400 Message - data_validation_failure
2023-06-18T16:02:09.986Z [WARN   ] : Status Code - 400 Message - data_validation_failure
2023-06-18T16:02:10.119Z [WARN   ] : Status Code - 400 Message - data_validation_failure
2023-06-18T16:02:10.251Z [WARN   ] : Status Code - 400 Message - data_validation_failure
2023-06-18T16:02:10.392Z [WARN   ] : Status Code - 400 Message - data_validation_failure
2023-06-18T16:02:10.523Z [WARN   ] : Status Code - 400 Message - data_validation_failure
2023-06-18T16:02:10.654Z [WARN   ] : Status Code - 400 Message - data_validation_failure
2023-06-18T16:02:14.280Z [WARN   ] : Status Code - 400 Message - data_validation_failure
2023-06-18T16:02:14.522Z [WARN   ] : Status Code - 400 Message - data_validation_failure
2023-06-18T16:02:14.768Z [WARN   ] : Status Code - 400 Message - data_validation_failure
2023-06-18T16:02:15.248Z [WARN   ] : Status Code - 401 Message - authentication_failure
2023-06-18T16:02:15.265Z [WARN   ] : Status Code - 401 Message - authentication_failure
2023-06-18T16:02:15.727Z [WARN   ] : Status Code - 403 Message - inactive_account
2023-06-18T16:02:16.192Z [WARN   ] : Status Code - 403 Message - account_suspended
2023-06-18T16:02:16.206Z [WARN   ] : Status Code - 401 Message - authentication_failure
2023-06-18T16:02:16.225Z [WARN   ] : Status Code - 401 Message - authentication_failure
2023-06-18T16:02:16.236Z [WARN   ] : Status Code - 401 Message - authentication_failure
2023-06-18T16:02:16.709Z [WARN   ] : Status Code - 403 Message - inactive_account
2023-06-18T16:02:17.182Z [WARN   ] : Status Code - 403 Message - inactive_account
2023-06-18T16:02:17.647Z [WARN   ] : Status Code - 403 Message - account_suspended
2023-06-18T16:02:18.110Z [WARN   ] : Status Code - 403 Message - account_suspended
2023-06-18T16:02:20.641Z [WARN   ] : Status Code - 404 Message - email_not_inuse
2023-06-18T16:02:20.843Z [ERROR  ] : Status Code - 502 Message - nodemailer_failure
2023-06-18T16:02:21.260Z [WARN   ] : Status Code - 400 Message - data_validation_failure
2023-06-18T16:02:21.270Z [WARN   ] : Status Code - 400 Message - data_validation_failure
2023-06-18T16:02:21.279Z [WARN   ] : Status Code - 404 Message - email_not_inuse
2023-06-18T16:02:21.287Z [WARN   ] : Status Code - 404 Message - email_not_inuse
2023-06-18T16:02:21.483Z [ERROR  ] : Status Code - 502 Message - nodemailer_failure
2023-06-18T16:02:21.683Z [ERROR  ] : Status Code - 502 Message - nodemailer_failure
2023-06-18T16:02:23.299Z [WARN   ] : Status Code - 400 Message - data_validation_failure
2023-06-18T16:02:23.309Z [WARN   ] : Status Code - 401 Message - unauthorized_password_reset
2023-06-18T16:02:23.381Z [WARN   ] : Status Code - 400 Message - data_validation_failure
2023-06-18T16:02:23.455Z [WARN   ] : Status Code - 400 Message - data_validation_failure
2023-06-18T16:02:23.529Z [WARN   ] : Status Code - 400 Message - data_validation_failure
2023-06-18T16:02:23.603Z [WARN   ] : Status Code - 400 Message - data_validation_failure
2023-06-18T16:02:23.679Z [WARN   ] : Status Code - 400 Message - data_validation_failure
2023-06-18T16:02:23.752Z [WARN   ] : Status Code - 400 Message - data_validation_failure
2023-06-18T16:02:23.828Z [WARN   ] : Status Code - 400 Message - data_validation_failure
2023-06-18T16:02:23.901Z [WARN   ] : Status Code - 400 Message - data_validation_failure
2023-06-18T16:02:23.977Z [WARN   ] : Status Code - 400 Message - data_validation_failure
2023-06-18T16:02:24.050Z [WARN   ] : Status Code - 400 Message - data_validation_failure
2023-06-18T16:02:24.124Z [WARN   ] : Status Code - 400 Message - data_validation_failure
2023-06-18T16:02:24.197Z [WARN   ] : Status Code - 400 Message - data_validation_failure
2023-06-18T16:02:24.272Z [WARN   ] : Status Code - 400 Message - data_validation_failure
2023-06-18T16:02:24.345Z [WARN   ] : Status Code - 400 Message - data_validation_failure
2023-06-18T16:02:24.418Z [WARN   ] : Status Code - 400 Message - data_validation_failure
2023-06-18T16:02:24.492Z [WARN   ] : Status Code - 400 Message - data_validation_failure
2023-06-18T16:02:24.502Z [WARN   ] : Status Code - 401 Message - unauthorized_password_reset
2023-06-18T16:02:24.508Z [WARN   ] : Status Code - 401 Message - unauthorized_password_reset
2023-06-18T16:02:27.503Z [WARN   ] : Status Code - 404 Message - user_not_found
2023-06-18T16:02:28.206Z [WARN   ] : Status Code - 404 Message - user_not_found
2023-06-18T16:02:28.448Z [WARN   ] : Status Code - 401 Message - authentication_failure
2023-06-18T16:02:28.923Z [WARN   ] : Status Code - 401 Message - authentication_failure
2023-06-18T16:02:29.403Z [WARN   ] : Status Code - 404 Message - user_not_found
2023-06-18T16:02:29.878Z [WARN   ] : Status Code - 404 Message - user_not_found
2023-06-18T16:02:30.119Z [WARN   ] : Status Code - 401 Message - authentication_failure
2023-06-18T16:02:30.359Z [WARN   ] : Status Code - 401 Message - authentication_failure
2023-06-18T16:02:32.610Z [WARN   ] : Status Code - 400 Message - data_validation_failure
2023-06-18T16:02:32.745Z [WARN   ] : Status Code - 400 Message - data_validation_failure
2023-06-18T16:02:32.937Z [WARN   ] : Status Code - 401 Message - authentication_failure
2023-06-18T16:02:33.008Z [WARN   ] : Status Code - 401 Message - authentication_failure
2023-06-18T16:02:33.139Z [WARN   ] : Status Code - 403 Message - inactive_account
2023-06-18T16:02:33.144Z [WARN   ] : Status Code - 401 Message - authentication_failure
2023-06-18T16:02:33.337Z [WARN   ] : Status Code - 403 Message - unauthorized_user_update
2023-06-18T16:02:33.802Z [WARN   ] : Status Code - 401 Message - authentication_failure
2023-06-18T16:02:33.872Z [WARN   ] : Status Code - 401 Message - authentication_failure
2023-06-18T16:02:34.064Z [WARN   ] : Status Code - 401 Message - authentication_failure
2023-06-18T16:02:34.267Z [WARN   ] : Status Code - 401 Message - authentication_failure
2023-06-18T16:02:34.465Z [WARN   ] : Status Code - 403 Message - unauthorized_user_update
2023-06-18T16:02:34.658Z [WARN   ] : Status Code - 403 Message - unauthorized_user_update
2023-06-18T16:02:34.852Z [WARN   ] : Status Code - 400 Message - data_validation_failure
2023-06-18T16:02:35.044Z [WARN   ] : Status Code - 400 Message - data_validation_failure
2023-06-18T16:02:35.239Z [WARN   ] : Status Code - 400 Message - data_validation_failure
2023-06-18T16:02:35.432Z [WARN   ] : Status Code - 400 Message - data_validation_failure
2023-06-18T16:02:35.624Z [WARN   ] : Status Code - 400 Message - data_validation_failure
2023-06-18T16:02:35.818Z [WARN   ] : Status Code - 400 Message - data_validation_failure
2023-06-18T16:02:45.742Z [WARN   ] : Status Code - 400 Message - data_validation_failure
2023-06-18T16:02:46.118Z [WARN   ] : Status Code - 400 Message - data_validation_failure
2023-06-18T16:02:46.494Z [WARN   ] : Status Code - 400 Message - data_validation_failure
2023-06-18T16:02:46.880Z [WARN   ] : Status Code - 400 Message - data_validation_failure
2023-06-18T16:02:47.668Z [WARN   ] : Status Code - 400 Message - data_validation_failure
2023-06-18T16:02:49.439Z [WARN   ] : Status Code - 404 Message - /images/123456  route not found.
2023-06-18T16:02:49.460Z [WARN   ] : Status Code - 404 Message - /posts/123456  route not found.
2023-06-18T16:05:33.205Z [INFO   ] : App is Runing 🚀. http://localhost:8080 in development mode. Versio - 1.0.0
2023-06-18T16:05:45.450Z [INFO   ] : App is Runing 🚀. http://localhost:8080 in production mode. Versio - 1.0.0
